Traceback (most recent call last):
  File "/opt/miniconda3/lib/python3.9/site-packages/jupyter_cache/executors/utils.py", line 58, in single_nb_execution
    executenb(
  File "/opt/miniconda3/lib/python3.9/site-packages/nbclient/client.py", line 1204, in execute
    return NotebookClient(nb=nb, resources=resources, km=km, **kwargs).execute()
  File "/opt/miniconda3/lib/python3.9/site-packages/nbclient/util.py", line 84, in wrapped
    return just_run(coro(*args, **kwargs))
  File "/opt/miniconda3/lib/python3.9/site-packages/nbclient/util.py", line 62, in just_run
    return loop.run_until_complete(coro)
  File "/opt/miniconda3/lib/python3.9/asyncio/base_events.py", line 642, in run_until_complete
    return future.result()
  File "/opt/miniconda3/lib/python3.9/site-packages/nbclient/client.py", line 663, in async_execute
    await self.async_execute_cell(
  File "/opt/miniconda3/lib/python3.9/site-packages/nbclient/client.py", line 965, in async_execute_cell
    await self._check_raise_for_error(cell, cell_index, exec_reply)
  File "/opt/miniconda3/lib/python3.9/site-packages/nbclient/client.py", line 862, in _check_raise_for_error
    raise CellExecutionError.from_cell_and_msg(cell, exec_reply_content)
nbclient.exceptions.CellExecutionError: An error occurred while executing the following cell:
------------------
import cv2
import numpy as np
import matplotlib.pyplot as plt
from skimage.morphology import opening, erosion, dilation, disk, closing

# Load Image
#image_color = cv2.imread("coins2.jpg")
#image_color = cv2.cvtColor(image_color, cv2.COLOR_BGR2RGB)
#image_color = cv2.resize(image_color, None, fx=0.125, fy=0.125, interpolation=cv2.INTER_AREA)
#image_color = image_color[115:, :]
#cv2.imwrite("coins3.png", cv2.cvtColor(image_color, cv2.COLOR_RGB2BGR))


image = cv2.imread("images/coins3.png", cv2.IMREAD_GRAYSCALE)
h, w = image.shape
print(h,w)

# Apply Thresholding
_, binary = cv2.threshold(image, 121, 255, cv2.THRESH_BINARY_INV)  # Invert for better processing

# Remove Textures using Morphological Closing
closed = closing(binary, disk(2))  # Adjust kernel size if needed


# Remove Small Objects (Small Coins) using Erosion → Dilation
eroded = erosion(closed, disk(32))
dilated = dilation(eroded, disk(33))


# Display the final image
plt.figure(figsize=(15, 8))
plt.subplot(151), plt.imshow(image_color, cmap="gray")
plt.title('Input image', fontsize=14), plt.axis('off')
plt.subplot(152), plt.imshow(closed, cmap="gray")
plt.title('Binary image', fontsize=14), plt.axis('off')
plt.subplot(153), plt.imshow(eroded, cmap="gray")
plt.title('Eroded', fontsize=14), plt.axis('off')
plt.subplot(154), plt.imshow(dilated, cmap="gray")
plt.title('Only large coins', fontsize=14), plt.axis('off')

plt.axis("off")
plt.show()


------------------

[0;31m---------------------------------------------------------------------------[0m
[0;31mNameError[0m                                 Traceback (most recent call last)
Input [0;32mIn [18][0m, in [0;36m<cell line: 32>[0;34m()[0m
[1;32m     30[0m [38;5;66;03m# Display the final image[39;00m
[1;32m     31[0m plt[38;5;241m.[39mfigure(figsize[38;5;241m=[39m([38;5;241m15[39m, [38;5;241m8[39m))
[0;32m---> 32[0m plt[38;5;241m.[39msubplot([38;5;241m151[39m), plt[38;5;241m.[39mimshow([43mimage_color[49m, cmap[38;5;241m=[39m[38;5;124m"[39m[38;5;124mgray[39m[38;5;124m"[39m)
[1;32m     33[0m plt[38;5;241m.[39mtitle([38;5;124m'[39m[38;5;124mInput image[39m[38;5;124m'[39m, fontsize[38;5;241m=[39m[38;5;241m14[39m), plt[38;5;241m.[39maxis([38;5;124m'[39m[38;5;124moff[39m[38;5;124m'[39m)
[1;32m     34[0m plt[38;5;241m.[39msubplot([38;5;241m152[39m), plt[38;5;241m.[39mimshow(closed, cmap[38;5;241m=[39m[38;5;124m"[39m[38;5;124mgray[39m[38;5;124m"[39m)

[0;31mNameError[0m: name 'image_color' is not defined
NameError: name 'image_color' is not defined

